dx = 0.010000	dt = 0.000020	CFL = 0.200000
grid = 100 tstep = 100000
restart is 1
Mat Object: 4 MPI processes
  type: mpiaij
row 0: (0, 1.4)  (1, -0.2) 
row 1: (0, -0.2)  (1, 1.4)  (2, -0.2) 
row 2: (1, -0.2)  (2, 1.4)  (3, -0.2) 
row 3: (2, -0.2)  (3, 1.4)  (4, -0.2) 
row 4: (3, -0.2)  (4, 1.4)  (5, -0.2) 
row 5: (4, -0.2)  (5, 1.4)  (6, -0.2) 
row 6: (5, -0.2)  (6, 1.4)  (7, -0.2) 
row 7: (6, -0.2)  (7, 1.4)  (8, -0.2) 
row 8: (7, -0.2)  (8, 1.4)  (9, -0.2) 
row 9: (8, -0.2)  (9, 1.4)  (10, -0.2) 
row 10: (9, -0.2)  (10, 1.4)  (11, -0.2) 
row 11: (10, -0.2)  (11, 1.4)  (12, -0.2) 
row 12: (11, -0.2)  (12, 1.4)  (13, -0.2) 
row 13: (12, -0.2)  (13, 1.4)  (14, -0.2) 
row 14: (13, -0.2)  (14, 1.4)  (15, -0.2) 
row 15: (14, -0.2)  (15, 1.4)  (16, -0.2) 
row 16: (15, -0.2)  (16, 1.4)  (17, -0.2) 
row 17: (16, -0.2)  (17, 1.4)  (18, -0.2) 
row 18: (17, -0.2)  (18, 1.4)  (19, -0.2) 
row 19: (18, -0.2)  (19, 1.4)  (20, -0.2) 
row 20: (19, -0.2)  (20, 1.4)  (21, -0.2) 
row 21: (20, -0.2)  (21, 1.4)  (22, -0.2) 
row 22: (21, -0.2)  (22, 1.4)  (23, -0.2) 
row 23: (22, -0.2)  (23, 1.4)  (24, -0.2) 
row 24: (23, -0.2)  (24, 1.4)  (25, -0.2) 
row 25: (24, -0.2)  (25, 1.4)  (26, -0.2) 
row 26: (25, -0.2)  (26, 1.4)  (27, -0.2) 
row 27: (26, -0.2)  (27, 1.4)  (28, -0.2) 
row 28: (27, -0.2)  (28, 1.4)  (29, -0.2) 
row 29: (28, -0.2)  (29, 1.4)  (30, -0.2) 
row 30: (29, -0.2)  (30, 1.4)  (31, -0.2) 
row 31: (30, -0.2)  (31, 1.4)  (32, -0.2) 
row 32: (31, -0.2)  (32, 1.4)  (33, -0.2) 
row 33: (32, -0.2)  (33, 1.4)  (34, -0.2) 
row 34: (33, -0.2)  (34, 1.4)  (35, -0.2) 
row 35: (34, -0.2)  (35, 1.4)  (36, -0.2) 
row 36: (35, -0.2)  (36, 1.4)  (37, -0.2) 
row 37: (36, -0.2)  (37, 1.4)  (38, -0.2) 
row 38: (37, -0.2)  (38, 1.4)  (39, -0.2) 
row 39: (38, -0.2)  (39, 1.4)  (40, -0.2) 
row 40: (39, -0.2)  (40, 1.4)  (41, -0.2) 
row 41: (40, -0.2)  (41, 1.4)  (42, -0.2) 
row 42: (41, -0.2)  (42, 1.4)  (43, -0.2) 
row 43: (42, -0.2)  (43, 1.4)  (44, -0.2) 
row 44: (43, -0.2)  (44, 1.4)  (45, -0.2) 
row 45: (44, -0.2)  (45, 1.4)  (46, -0.2) 
row 46: (45, -0.2)  (46, 1.4)  (47, -0.2) 
row 47: (46, -0.2)  (47, 1.4)  (48, -0.2) 
row 48: (47, -0.2)  (48, 1.4)  (49, -0.2) 
row 49: (48, -0.2)  (49, 1.4)  (50, -0.2) 
row 50: (49, -0.2)  (50, 1.4)  (51, -0.2) 
row 51: (50, -0.2)  (51, 1.4)  (52, -0.2) 
row 52: (51, -0.2)  (52, 1.4)  (53, -0.2) 
row 53: (52, -0.2)  (53, 1.4)  (54, -0.2) 
row 54: (53, -0.2)  (54, 1.4)  (55, -0.2) 
row 55: (54, -0.2)  (55, 1.4)  (56, -0.2) 
row 56: (55, -0.2)  (56, 1.4)  (57, -0.2) 
row 57: (56, -0.2)  (57, 1.4)  (58, -0.2) 
row 58: (57, -0.2)  (58, 1.4)  (59, -0.2) 
row 59: (58, -0.2)  (59, 1.4)  (60, -0.2) 
row 60: (59, -0.2)  (60, 1.4)  (61, -0.2) 
row 61: (60, -0.2)  (61, 1.4)  (62, -0.2) 
row 62: (61, -0.2)  (62, 1.4)  (63, -0.2) 
row 63: (62, -0.2)  (63, 1.4)  (64, -0.2) 
row 64: (63, -0.2)  (64, 1.4)  (65, -0.2) 
row 65: (64, -0.2)  (65, 1.4)  (66, -0.2) 
row 66: (65, -0.2)  (66, 1.4)  (67, -0.2) 
row 67: (66, -0.2)  (67, 1.4)  (68, -0.2) 
row 68: (67, -0.2)  (68, 1.4)  (69, -0.2) 
row 69: (68, -0.2)  (69, 1.4)  (70, -0.2) 
row 70: (69, -0.2)  (70, 1.4)  (71, -0.2) 
row 71: (70, -0.2)  (71, 1.4)  (72, -0.2) 
row 72: (71, -0.2)  (72, 1.4)  (73, -0.2) 
row 73: (72, -0.2)  (73, 1.4)  (74, -0.2) 
row 74: (73, -0.2)  (74, 1.4)  (75, -0.2) 
row 75: (74, -0.2)  (75, 1.4)  (76, -0.2) 
row 76: (75, -0.2)  (76, 1.4)  (77, -0.2) 
row 77: (76, -0.2)  (77, 1.4)  (78, -0.2) 
row 78: (77, -0.2)  (78, 1.4)  (79, -0.2) 
row 79: (78, -0.2)  (79, 1.4)  (80, -0.2) 
row 80: (79, -0.2)  (80, 1.4)  (81, -0.2) 
row 81: (80, -0.2)  (81, 1.4)  (82, -0.2) 
row 82: (81, -0.2)  (82, 1.4)  (83, -0.2) 
row 83: (82, -0.2)  (83, 1.4)  (84, -0.2) 
row 84: (83, -0.2)  (84, 1.4)  (85, -0.2) 
row 85: (84, -0.2)  (85, 1.4)  (86, -0.2) 
row 86: (85, -0.2)  (86, 1.4)  (87, -0.2) 
row 87: (86, -0.2)  (87, 1.4)  (88, -0.2) 
row 88: (87, -0.2)  (88, 1.4)  (89, -0.2) 
row 89: (88, -0.2)  (89, 1.4)  (90, -0.2) 
row 90: (89, -0.2)  (90, 1.4)  (91, -0.2) 
row 91: (90, -0.2)  (91, 1.4)  (92, -0.2) 
row 92: (91, -0.2)  (92, 1.4)  (93, -0.2) 
row 93: (92, -0.2)  (93, 1.4)  (94, -0.2) 
row 94: (93, -0.2)  (94, 1.4)  (95, -0.2) 
row 95: (94, -0.2)  (95, 1.4)  (96, -0.2) 
row 96: (95, -0.2)  (96, 1.4)  (97, -0.2) 
row 97: (96, -0.2)  (97, 1.4)  (98, -0.2) 
row 98: (97, -0.2)  (98, 1.4)  (99, -0.2) 
row 99: (98, -0.2)  (99, 1.4)  (100, -0.2) 
row 100: (99, -0.2)  (100, 1.4) 
Vec Object: uj 4 MPI processes
  type: mpi
Process [0]
3.25225e-05
0.
0.000419651
0.000767979
0.0011069
0.00143328
0.00174402
0.00203602
0.00230621
0.00255153
0.00276894
0.00295546
0.00310811
0.00322394
0.00330005
0.00333359
0.00332173
0.0032617
0.00315076
0.00298623
0.0027655
0.00248599
0.00214519
0.00174065
0.00126998
0.000730847
Process [1]
0.
0.000116205
0.000111403
0.0001066
0.000101798
9.69957e-05
9.21933e-05
8.7391e-05
8.25888e-05
7.77867e-05
7.29846e-05
6.81825e-05
6.33803e-05
5.85782e-05
5.37761e-05
4.8974e-05
4.41719e-05
3.93698e-05
3.45676e-05
2.97655e-05
2.49634e-05
2.01613e-05
1.53592e-05
1.05571e-05
5.75497e-06
Process [2]
0.
9.15042e-07
8.77225e-07
8.39409e-07
8.01592e-07
7.63777e-07
7.25961e-07
6.88146e-07
6.50332e-07
6.12518e-07
5.74705e-07
5.36891e-07
4.99077e-07
4.61264e-07
4.2345e-07
3.85636e-07
3.47823e-07
3.10009e-07
2.72196e-07
2.34382e-07
1.96568e-07
1.58755e-07
1.20941e-07
8.31278e-08
4.53142e-08
Process [3]
0.
7.19024e-09
6.87985e-09
6.56947e-09
6.25908e-09
5.9487e-09
5.63832e-09
5.32794e-09
5.01757e-09
4.70721e-09
4.39684e-09
4.08647e-09
3.77611e-09
3.46574e-09
3.15538e-09
2.84501e-09
2.53465e-09
2.22428e-09
1.91392e-09
1.60355e-09
1.29319e-09
9.82823e-10
6.72458e-10
3.62093e-10
0.
run time is: 1104.89
